This file contains any messages produced by compilers while
running configure, to aid debugging if configure makes a mistake.

It was created by libSBML configure 4.3.1, which was
generated by GNU Autoconf 2.68.  Invocation command line was

  $ ./configure --enable-layout=yes --enable-compression=no --with-expat=/Users/xintao/expat-2.0.1/ --prefix=/Users/xintao/Developer/numerics/Copasi/libsbml-4.3.1/ --enable-cpp-namespace

## --------- ##
## Platform. ##
## --------- ##

hostname = xintaomp.uchc.edu
uname -m = x86_64
uname -r = 10.5.0
uname -s = Darwin
uname -v = Darwin Kernel Version 10.5.0: Fri Nov  5 23:19:13 PDT 2010; root:xnu-1504.9.17~1/RELEASE_X86_64

/usr/bin/uname -p = i386
/bin/uname -X     = unknown

/bin/arch              = unknown
/usr/bin/arch -k       = unknown
/usr/convex/getsysinfo = unknown
/usr/bin/hostinfo      = Mach kernel version:
	 Darwin Kernel Version 10.5.0: Fri Nov  5 23:19:13 PDT 2010; root:xnu-1504.9.17~1/RELEASE_X86_64
Kernel configured for up to 24 processors.
12 processors are physically available.
24 processors are logically available.
Processor type: i486 (Intel 80486)
Processors active: 0 1 2 3 4 5 6 7 8 9 10 11 12 13 14 15 16 17 18 19 20 21 22 23
Primary memory available: 32.00 gigabytes
Default processor set: 84 tasks, 498 threads, 24 processors
Load average: 0.84, Mach factor: 23.15
/bin/machine           = unknown
/usr/bin/oslevel       = unknown
/bin/universe          = unknown

PATH: /opt/local/bin
PATH: /opt/local/sbin
PATH: /usr/local/mysql/bin
PATH: /usr/local/git/bin
PATH: /Users/xintao/MACS/MACS-1.4.0beta/bin
PATH: /Users/xintao/bowtie/bowtie-0.12.7/bowtie-inspect
PATH: /Users/xintao/bowtie/bowtie-0.12.7/bowtie-build
PATH: /Users/xintao/bowtie/bowtie-0.12.7
PATH: /Users/xinta
PATH: .
PATH: /Users/xintao/util
PATH: /usr/bin
PATH: /bin
PATH: /usr/sbin
PATH: /sbin
PATH: /usr/local/bin
PATH: /usr/local/git/bin
PATH: /usr/local/ncbi/blast/bin
PATH: /usr/X11/bin
PATH: /opt/local/bin
PATH: /Users/xintao/bin


## ----------- ##
## Core tests. ##
## ----------- ##

configure:2932: checking build system type
configure:2946: result: i386-apple-darwin10.5.0
configure:2966: checking host system type
configure:2979: result: i386-apple-darwin10.5.0
configure:3234: checking for g++
configure:3250: found /usr/bin/g++
configure:3261: result: g++
configure:3288: checking for C++ compiler version
configure:3297: g++ --version >&5
i686-apple-darwin10-g++-4.2.1 (GCC) 4.2.1 (Apple Inc. build 5659)
Copyright (C) 2007 Free Software Foundation, Inc.
This is free software; see the source for copying conditions.  There is NO
warranty; not even for MERCHANTABILITY or FITNESS FOR A PARTICULAR PURPOSE.

configure:3308: $? = 0
configure:3297: g++ -v >&5
Using built-in specs.
Target: i686-apple-darwin10
Configured with: /var/tmp/gcc/gcc-5659~1/src/configure --disable-checking --enable-werror --prefix=/usr --mandir=/share/man --enable-languages=c,objc,c++,obj-c++ --program-transform-name=/^[cg][^.-]*$/s/$/-4.2/ --with-slibdir=/usr/lib --build=i686-apple-darwin10 --program-prefix=i686-apple-darwin10- --host=x86_64-apple-darwin10 --target=i686-apple-darwin10 --with-gxx-include-dir=/include/c++/4.2.1
Thread model: posix
gcc version 4.2.1 (Apple Inc. build 5659)
configure:3308: $? = 0
configure:3297: g++ -V >&5
g++-4.2: argument to `-V' is missing
configure:3308: $? = 1
configure:3297: g++ -qversion >&5
i686-apple-darwin10-g++-4.2.1: no input files
configure:3308: $? = 1
configure:3328: checking whether the C++ compiler works
configure:3350: g++ -fPIC -arch i386 -arch x86_64 -mmacosx-version-min=10.6 -isysroot /Developer/SDKs/MacOSX10.6.sdk -DMACOSX  -fPIC -arch x86_64 -arch i386 -isysroot /Developer/SDKs/MacOSX10.6.sdk -mmacosx-version-min=10.6 -no_compact_linkedit conftest.cpp  >&5
configure:3354: $? = 0
configure:3402: result: yes
configure:3405: checking for C++ compiler default output file name
configure:3407: result: a.out
configure:3413: checking for suffix of executables
configure:3420: g++ -o conftest -fPIC -arch i386 -arch x86_64 -mmacosx-version-min=10.6 -isysroot /Developer/SDKs/MacOSX10.6.sdk -DMACOSX  -fPIC -arch x86_64 -arch i386 -isysroot /Developer/SDKs/MacOSX10.6.sdk -mmacosx-version-min=10.6 -no_compact_linkedit conftest.cpp  >&5
configure:3424: $? = 0
configure:3446: result: 
configure:3468: checking whether we are cross compiling
configure:3476: g++ -o conftest -fPIC -arch i386 -arch x86_64 -mmacosx-version-min=10.6 -isysroot /Developer/SDKs/MacOSX10.6.sdk -DMACOSX  -fPIC -arch x86_64 -arch i386 -isysroot /Developer/SDKs/MacOSX10.6.sdk -mmacosx-version-min=10.6 -no_compact_linkedit conftest.cpp  >&5
configure:3480: $? = 0
configure:3487: ./conftest
configure:3491: $? = 0
configure:3506: result: no
configure:3511: checking for suffix of object files
configure:3533: g++ -c -fPIC -arch i386 -arch x86_64 -mmacosx-version-min=10.6 -isysroot /Developer/SDKs/MacOSX10.6.sdk -DMACOSX  conftest.cpp >&5
configure:3537: $? = 0
configure:3558: result: o
configure:3562: checking whether we are using the GNU C++ compiler
configure:3581: g++ -c -fPIC -arch i386 -arch x86_64 -mmacosx-version-min=10.6 -isysroot /Developer/SDKs/MacOSX10.6.sdk -DMACOSX  conftest.cpp >&5
configure:3581: $? = 0
configure:3590: result: yes
configure:3599: checking whether g++ accepts -g
configure:3619: g++ -c -g -DMACOSX  conftest.cpp >&5
configure:3619: $? = 0
configure:3660: result: yes
configure:3731: checking for gcc
configure:3747: found /usr/bin/gcc
configure:3758: result: gcc
configure:3987: checking for C compiler version
configure:3996: gcc --version >&5
i686-apple-darwin10-gcc-4.2.1 (GCC) 4.2.1 (Apple Inc. build 5659)
Copyright (C) 2007 Free Software Foundation, Inc.
This is free software; see the source for copying conditions.  There is NO
warranty; not even for MERCHANTABILITY or FITNESS FOR A PARTICULAR PURPOSE.

configure:4007: $? = 0
configure:3996: gcc -v >&5
Using built-in specs.
Target: i686-apple-darwin10
Configured with: /var/tmp/gcc/gcc-5659~1/src/configure --disable-checking --enable-werror --prefix=/usr --mandir=/share/man --enable-languages=c,objc,c++,obj-c++ --program-transform-name=/^[cg][^.-]*$/s/$/-4.2/ --with-slibdir=/usr/lib --build=i686-apple-darwin10 --program-prefix=i686-apple-darwin10- --host=x86_64-apple-darwin10 --target=i686-apple-darwin10 --with-gxx-include-dir=/include/c++/4.2.1
Thread model: posix
gcc version 4.2.1 (Apple Inc. build 5659)
configure:4007: $? = 0
configure:3996: gcc -V >&5
gcc-4.2: argument to `-V' is missing
configure:4007: $? = 1
configure:3996: gcc -qversion >&5
i686-apple-darwin10-gcc-4.2.1: no input files
configure:4007: $? = 1
configure:4011: checking whether we are using the GNU C compiler
configure:4030: gcc -c -fPIC -arch i386 -arch x86_64 -mmacosx-version-min=10.6 -isysroot /Developer/SDKs/MacOSX10.6.sdk -DMACOSX  conftest.c >&5
configure:4030: $? = 0
configure:4039: result: yes
configure:4048: checking whether gcc accepts -g
configure:4068: gcc -c -g -DMACOSX  conftest.c >&5
configure:4068: $? = 0
configure:4109: result: yes
configure:4126: checking for gcc option to accept ISO C89
configure:4190: gcc  -c -fPIC -arch i386 -arch x86_64 -mmacosx-version-min=10.6 -isysroot /Developer/SDKs/MacOSX10.6.sdk -DMACOSX  conftest.c >&5
configure:4190: $? = 0
configure:4203: result: none needed
configure:4228: checking how to run the C preprocessor
configure:4259: gcc -E -DMACOSX  conftest.c
configure:4259: $? = 0
configure:4273: gcc -E -DMACOSX  conftest.c
conftest.c:15:28: error: ac_nonexistent.h: No such file or directory
configure:4273: $? = 1
configure: failed program was:
| /* confdefs.h */
| #define PACKAGE_NAME "libSBML"
| #define PACKAGE_TARNAME "libsbml"
| #define PACKAGE_VERSION "4.3.1"
| #define PACKAGE_STRING "libSBML 4.3.1"
| #define PACKAGE_BUGREPORT "libsbml-team@caltech.edu"
| #define PACKAGE_URL "http://sbml.org/Software/libSBML"
| #define LIBSBML_USE_CPP_NAMESPACE 1
| #define USE_LAYOUT 1
| #define SHAREDLIBEXT 1
| #define HOST_TYPE 1
| #define LIBSUFFIX 1
| #define RUN_LDPATH 1
| /* end confdefs.h.  */
| #include <ac_nonexistent.h>
configure:4298: result: gcc -E
configure:4318: gcc -E -DMACOSX  conftest.c
configure:4318: $? = 0
configure:4332: gcc -E -DMACOSX  conftest.c
conftest.c:15:28: error: ac_nonexistent.h: No such file or directory
configure:4332: $? = 1
configure: failed program was:
| /* confdefs.h */
| #define PACKAGE_NAME "libSBML"
| #define PACKAGE_TARNAME "libsbml"
| #define PACKAGE_VERSION "4.3.1"
| #define PACKAGE_STRING "libSBML 4.3.1"
| #define PACKAGE_BUGREPORT "libsbml-team@caltech.edu"
| #define PACKAGE_URL "http://sbml.org/Software/libSBML"
| #define LIBSBML_USE_CPP_NAMESPACE 1
| #define USE_LAYOUT 1
| #define SHAREDLIBEXT 1
| #define HOST_TYPE 1
| #define LIBSUFFIX 1
| #define RUN_LDPATH 1
| /* end confdefs.h.  */
| #include <ac_nonexistent.h>
configure:4376: checking for a BSD-compatible install
configure:4444: result: /usr/bin/install -c
configure:4455: checking whether make sets $(MAKE)
configure:4477: result: yes
configure:4489: checking for autoconf
configure:4507: found /usr/bin/autoconf
configure:4520: result: /usr/bin/autoconf
configure:4530: checking for aclocal
configure:4548: found /usr/bin/aclocal
configure:4561: result: /usr/bin/aclocal
configure:4574: checking whether -Wno-long-double is supported
configure:4581: gcc -c -fPIC -arch i386 -arch x86_64 -mmacosx-version-min=10.6 -isysroot /Developer/SDKs/MacOSX10.6.sdk -Wno-long-double conftest.c >&5
cc1: error: unrecognized command line option "-Wno-long-double"
cc1: error: unrecognized command line option "-Wno-long-double"
lipo: can't figure out the architecture type of: /var/folders/UA/UAv3+oipFk8dHVODfcppDU+++TM/-Tmp-//ccjRuJCp.out
configure:4581: $? = 1
configure: failed program was:
| /* confdefs.h */
| #define PACKAGE_NAME "libSBML"
| #define PACKAGE_TARNAME "libsbml"
| #define PACKAGE_VERSION "4.3.1"
| #define PACKAGE_STRING "libSBML 4.3.1"
| #define PACKAGE_BUGREPORT "libsbml-team@caltech.edu"
| #define PACKAGE_URL "http://sbml.org/Software/libSBML"
| #define LIBSBML_USE_CPP_NAMESPACE 1
| #define USE_LAYOUT 1
| #define SHAREDLIBEXT 1
| #define HOST_TYPE 1
| #define LIBSUFFIX 1
| #define RUN_LDPATH 1
| /* end confdefs.h.  */
| 
configure:4587: result: no
configure:8651: checking for a sed that does not truncate output
configure:8707: result: /usr/bin/sed
configure:8710: checking for grep that handles long lines and -e
configure:8768: result: /usr/bin/grep
configure:8773: checking for egrep
configure:8835: result: /usr/bin/grep -E
configure:8851: checking for ld used by gcc
configure:8918: result: /usr/libexec/gcc/i686-apple-darwin10/4.2.1/ld
configure:8925: checking if the linker (/usr/libexec/gcc/i686-apple-darwin10/4.2.1/ld) is GNU ld
configure:8940: result: no
configure:8945: checking for /usr/libexec/gcc/i686-apple-darwin10/4.2.1/ld option to reload object files
configure:8952: result: -r
configure:8970: checking for BSD-compatible nm
configure:9019: result: /usr/bin/nm
configure:9023: checking whether ln -s works
configure:9027: result: yes
configure:9034: checking how to recognize dependent libraries
configure:9220: result: pass_all
configure:9753: checking for ANSI C header files
configure:9773: gcc -c -fPIC -arch i386 -arch x86_64 -mmacosx-version-min=10.6 -isysroot /Developer/SDKs/MacOSX10.6.sdk -DMACOSX  conftest.c >&5
configure:9773: $? = 0
configure:9846: gcc -o conftest -fPIC -arch i386 -arch x86_64 -mmacosx-version-min=10.6 -isysroot /Developer/SDKs/MacOSX10.6.sdk -DMACOSX  -fPIC -arch x86_64 -arch i386 -isysroot /Developer/SDKs/MacOSX10.6.sdk -mmacosx-version-min=10.6 -no_compact_linkedit conftest.c  >&5
configure:9846: $? = 0
configure:9846: ./conftest
configure:9846: $? = 0
configure:9857: result: yes
configure:9870: checking for sys/types.h
configure:9870: gcc -c -fPIC -arch i386 -arch x86_64 -mmacosx-version-min=10.6 -isysroot /Developer/SDKs/MacOSX10.6.sdk -DMACOSX  conftest.c >&5
configure:9870: $? = 0
configure:9870: result: yes
configure:9870: checking for sys/stat.h
configure:9870: gcc -c -fPIC -arch i386 -arch x86_64 -mmacosx-version-min=10.6 -isysroot /Developer/SDKs/MacOSX10.6.sdk -DMACOSX  conftest.c >&5
configure:9870: $? = 0
configure:9870: result: yes
configure:9870: checking for stdlib.h
configure:9870: gcc -c -fPIC -arch i386 -arch x86_64 -mmacosx-version-min=10.6 -isysroot /Developer/SDKs/MacOSX10.6.sdk -DMACOSX  conftest.c >&5
configure:9870: $? = 0
configure:9870: result: yes
configure:9870: checking for string.h
configure:9870: gcc -c -fPIC -arch i386 -arch x86_64 -mmacosx-version-min=10.6 -isysroot /Developer/SDKs/MacOSX10.6.sdk -DMACOSX  conftest.c >&5
configure:9870: $? = 0
configure:9870: result: yes
configure:9870: checking for memory.h
configure:9870: gcc -c -fPIC -arch i386 -arch x86_64 -mmacosx-version-min=10.6 -isysroot /Developer/SDKs/MacOSX10.6.sdk -DMACOSX  conftest.c >&5
configure:9870: $? = 0
configure:9870: result: yes
configure:9870: checking for strings.h
configure:9870: gcc -c -fPIC -arch i386 -arch x86_64 -mmacosx-version-min=10.6 -isysroot /Developer/SDKs/MacOSX10.6.sdk -DMACOSX  conftest.c >&5
configure:9870: $? = 0
configure:9870: result: yes
configure:9870: checking for inttypes.h
configure:9870: gcc -c -fPIC -arch i386 -arch x86_64 -mmacosx-version-min=10.6 -isysroot /Developer/SDKs/MacOSX10.6.sdk -DMACOSX  conftest.c >&5
configure:9870: $? = 0
configure:9870: result: yes
configure:9870: checking for stdint.h
configure:9870: gcc -c -fPIC -arch i386 -arch x86_64 -mmacosx-version-min=10.6 -isysroot /Developer/SDKs/MacOSX10.6.sdk -DMACOSX  conftest.c >&5
configure:9870: $? = 0
configure:9870: result: yes
configure:9870: checking for unistd.h
configure:9870: gcc -c -fPIC -arch i386 -arch x86_64 -mmacosx-version-min=10.6 -isysroot /Developer/SDKs/MacOSX10.6.sdk -DMACOSX  conftest.c >&5
configure:9870: $? = 0
configure:9870: result: yes
configure:9884: checking dlfcn.h usability
configure:9884: gcc -c -fPIC -arch i386 -arch x86_64 -mmacosx-version-min=10.6 -isysroot /Developer/SDKs/MacOSX10.6.sdk -DMACOSX  conftest.c >&5
configure:9884: $? = 0
configure:9884: result: yes
configure:9884: checking dlfcn.h presence
configure:9884: gcc -E -DMACOSX  conftest.c
configure:9884: $? = 0
configure:9884: result: yes
configure:9884: checking for dlfcn.h
configure:9884: result: yes
configure:9904: checking how to run the C++ preprocessor
configure:9931: g++ -E -DMACOSX  conftest.cpp
configure:9931: $? = 0
configure:9945: g++ -E -DMACOSX  conftest.cpp
conftest.cpp:26:28: error: ac_nonexistent.h: No such file or directory
configure:9945: $? = 1
configure: failed program was:
| /* confdefs.h */
| #define PACKAGE_NAME "libSBML"
| #define PACKAGE_TARNAME "libsbml"
| #define PACKAGE_VERSION "4.3.1"
| #define PACKAGE_STRING "libSBML 4.3.1"
| #define PACKAGE_BUGREPORT "libsbml-team@caltech.edu"
| #define PACKAGE_URL "http://sbml.org/Software/libSBML"
| #define LIBSBML_USE_CPP_NAMESPACE 1
| #define USE_LAYOUT 1
| #define SHAREDLIBEXT 1
| #define HOST_TYPE 1
| #define LIBSUFFIX 1
| #define RUN_LDPATH 1
| #define STDC_HEADERS 1
| #define HAVE_SYS_TYPES_H 1
| #define HAVE_SYS_STAT_H 1
| #define HAVE_STDLIB_H 1
| #define HAVE_STRING_H 1
| #define HAVE_MEMORY_H 1
| #define HAVE_STRINGS_H 1
| #define HAVE_INTTYPES_H 1
| #define HAVE_STDINT_H 1
| #define HAVE_UNISTD_H 1
| #define HAVE_DLFCN_H 1
| /* end confdefs.h.  */
| #include <ac_nonexistent.h>
configure:9970: result: g++ -E
configure:9990: g++ -E -DMACOSX  conftest.cpp
configure:9990: $? = 0
configure:10004: g++ -E -DMACOSX  conftest.cpp
conftest.cpp:26:28: error: ac_nonexistent.h: No such file or directory
configure:10004: $? = 1
configure: failed program was:
| /* confdefs.h */
| #define PACKAGE_NAME "libSBML"
| #define PACKAGE_TARNAME "libsbml"
| #define PACKAGE_VERSION "4.3.1"
| #define PACKAGE_STRING "libSBML 4.3.1"
| #define PACKAGE_BUGREPORT "libsbml-team@caltech.edu"
| #define PACKAGE_URL "http://sbml.org/Software/libSBML"
| #define LIBSBML_USE_CPP_NAMESPACE 1
| #define USE_LAYOUT 1
| #define SHAREDLIBEXT 1
| #define HOST_TYPE 1
| #define LIBSUFFIX 1
| #define RUN_LDPATH 1
| #define STDC_HEADERS 1
| #define HAVE_SYS_TYPES_H 1
| #define HAVE_SYS_STAT_H 1
| #define HAVE_STDLIB_H 1
| #define HAVE_STRING_H 1
| #define HAVE_MEMORY_H 1
| #define HAVE_STRINGS_H 1
| #define HAVE_INTTYPES_H 1
| #define HAVE_STDINT_H 1
| #define HAVE_UNISTD_H 1
| #define HAVE_DLFCN_H 1
| /* end confdefs.h.  */
| #include <ac_nonexistent.h>
configure:10088: checking for g77
configure:10118: result: no
configure:10088: checking for xlf
configure:10118: result: no
configure:10088: checking for f77
configure:10118: result: no
configure:10088: checking for frt
configure:10118: result: no
configure:10088: checking for pgf77
configure:10118: result: no
configure:10088: checking for cf77
configure:10118: result: no
configure:10088: checking for fort77
configure:10118: result: no
configure:10088: checking for fl32
configure:10118: result: no
configure:10088: checking for af77
configure:10118: result: no
configure:10088: checking for xlf90
configure:10118: result: no
configure:10088: checking for f90
configure:10118: result: no
configure:10088: checking for pgf90
configure:10118: result: no
configure:10088: checking for pghpf
configure:10118: result: no
configure:10088: checking for epcf90
configure:10118: result: no
configure:10088: checking for gfortran
configure:10118: result: no
configure:10088: checking for g95
configure:10118: result: no
configure:10088: checking for xlf95
configure:10118: result: no
configure:10088: checking for f95
configure:10118: result: no
configure:10088: checking for fort
configure:10118: result: no
configure:10088: checking for ifort
configure:10118: result: no
configure:10088: checking for ifc
configure:10118: result: no
configure:10088: checking for efc
configure:10118: result: no
configure:10088: checking for pgfortran
configure:10118: result: no
configure:10088: checking for pgf95
configure:10118: result: no
configure:10088: checking for lf95
configure:10118: result: no
configure:10088: checking for ftn
configure:10118: result: no
configure:10141: checking for Fortran 77 compiler version
configure:10150:  --version >&5
./configure: line 10152: --version: command not found
configure:10161: $? = 127
configure:10150:  -v >&5
./configure: line 10152: -v: command not found
configure:10161: $? = 127
configure:10150:  -V >&5
./configure: line 10152: -V: command not found
configure:10161: $? = 127
configure:10150:  -qversion >&5
./configure: line 10152: -qversion: command not found
configure:10161: $? = 127
configure:10170: checking whether we are using the GNU Fortran 77 compiler
configure:10183:  -c  conftest.F >&5
./configure: line 2246: -c: command not found
configure:10183: $? = 127
configure: failed program was:
|       program main
| #ifndef __GNUC__
|        choke me
| #endif
| 
|       end
configure:10192: result: no
configure:10198: checking whether  accepts -g
configure:10209:  -c -g conftest.f >&5
./configure: line 2246: -c: command not found
configure:10209: $? = 127
configure: failed program was:
|       program main
| 
|       end
configure:10217: result: no
configure:10250: checking the maximum length of command line arguments
configure:10362: result: 196608
configure:10374: checking command to parse /usr/bin/nm output from gcc object
configure:10479: gcc -c -fPIC -arch i386 -arch x86_64 -mmacosx-version-min=10.6 -isysroot /Developer/SDKs/MacOSX10.6.sdk -DMACOSX  conftest.c >&5
configure:10482: $? = 0
configure:10486: /usr/bin/nm conftest.o \| sed -n -e 's/^.*[ 	]\([BCDEGRST][BCDEGRST]*\)[ 	][ 	]*\([_A-Za-z][_A-Za-z0-9]*\)$/\1 \2 \2/p' \> conftest.nm
configure:10489: $? = 0
cannot find nm_test_var in conftest.nm
configure:10479: gcc -c -fPIC -arch i386 -arch x86_64 -mmacosx-version-min=10.6 -isysroot /Developer/SDKs/MacOSX10.6.sdk -DMACOSX  conftest.c >&5
configure:10482: $? = 0
configure:10486: /usr/bin/nm conftest.o \| sed -n -e 's/^.*[ 	]\([BCDEGRST][BCDEGRST]*\)[ 	][ 	]*_\([_A-Za-z][_A-Za-z0-9]*\)$/\1 _\2 \2/p' \> conftest.nm
configure:10489: $? = 0
configure:10541: gcc -o conftest -fPIC -arch i386 -arch x86_64 -mmacosx-version-min=10.6 -isysroot /Developer/SDKs/MacOSX10.6.sdk -DMACOSX  -fPIC -arch x86_64 -arch i386 -isysroot /Developer/SDKs/MacOSX10.6.sdk -mmacosx-version-min=10.6 -no_compact_linkedit conftest.c conftstm.o >&5
configure:10544: $? = 0
configure:10582: result: ok
configure:10586: checking for objdir
configure:10601: result: .libs
configure:10693: checking for ar
configure:10709: found /usr/bin/ar
configure:10720: result: ar
configure:10785: checking for ranlib
configure:10801: found /usr/bin/ranlib
configure:10812: result: ranlib
configure:10877: checking for strip
configure:10893: found /usr/bin/strip
configure:10904: result: strip
configure:11157: checking for dsymutil
configure:11173: found /usr/bin/dsymutil
configure:11184: result: dsymutil
configure:11249: checking for nmedit
configure:11265: found /usr/bin/nmedit
configure:11276: result: nmedit
configure:11299: checking for -single_module linker flag
configure:11320: result: yes
configure:11322: checking for -exported_symbols_list linker flag
configure:11342: gcc -o conftest -fPIC -arch i386 -arch x86_64 -mmacosx-version-min=10.6 -isysroot /Developer/SDKs/MacOSX10.6.sdk -DMACOSX  -fPIC -arch x86_64 -arch i386 -isysroot /Developer/SDKs/MacOSX10.6.sdk -mmacosx-version-min=10.6 -no_compact_linkedit -Wl,-exported_symbols_list,conftest.sym conftest.c  >&5
configure:11342: $? = 0
configure:11352: result: yes
configure:11469: checking if gcc supports -fno-rtti -fno-exceptions
configure:11487: gcc -c -fPIC -arch i386 -arch x86_64 -mmacosx-version-min=10.6 -isysroot /Developer/SDKs/MacOSX10.6.sdk -DMACOSX  -fno-rtti -fno-exceptions conftest.c >&5
cc1: warning: command line option "-fno-rtti" is valid for C++/ObjC++ but not for C
cc1: warning: command line option "-fno-rtti" is valid for C++/ObjC++ but not for C
configure:11491: $? = 0
configure:11504: result: no
configure:11519: checking for gcc option to produce PIC
configure:11751: result: -fno-common
configure:11759: checking if gcc PIC flag -fno-common works
configure:11777: gcc -c -fPIC -arch i386 -arch x86_64 -mmacosx-version-min=10.6 -isysroot /Developer/SDKs/MacOSX10.6.sdk -DMACOSX  -fno-common -DPIC conftest.c >&5
configure:11781: $? = 0
configure:11794: result: yes
configure:11822: checking if gcc static flag -static works
configure:11850: result: no
configure:11860: checking if gcc supports -c -o file.o
configure:11881: gcc -c -fPIC -arch i386 -arch x86_64 -mmacosx-version-min=10.6 -isysroot /Developer/SDKs/MacOSX10.6.sdk -DMACOSX  -o out/conftest2.o conftest.c >&5
configure:11885: $? = 0
configure:11907: result: yes
configure:11933: checking whether the gcc linker (/usr/libexec/gcc/i686-apple-darwin10/4.2.1/ld) supports shared libraries
configure:12859: result: yes
configure:12926: checking dynamic linker characteristics
configure:13528: result: darwin10.5.0 dyld
configure:13552: checking how to hardcode library paths into programs
configure:13577: result: immediate
configure:13591: checking whether stripping libraries is possible
configure:13605: result: yes
configure:14113: checking if libtool supports shared libraries
configure:14115: result: yes
configure:14118: checking whether to build shared libraries
configure:14139: result: yes
configure:14142: checking whether to build static libraries
configure:14146: result: yes
configure:14240: creating libtool
configure:14829: checking for ld used by g++
configure:14896: result: /usr/libexec/gcc/i686-apple-darwin10/4.2.1/ld
configure:14903: checking if the linker (/usr/libexec/gcc/i686-apple-darwin10/4.2.1/ld) is GNU ld
configure:14918: result: no
configure:14969: checking whether the g++ linker (/usr/libexec/gcc/i686-apple-darwin10/4.2.1/ld) supports shared libraries
configure:15861: result: yes
configure:15882: g++ -c -fPIC -arch i386 -arch x86_64 -mmacosx-version-min=10.6 -isysroot /Developer/SDKs/MacOSX10.6.sdk -DMACOSX  conftest.cpp >&5
configure:15885: $? = 0
configure:16041: checking for g++ option to produce PIC
configure:16325: result: -fno-common
configure:16333: checking if g++ PIC flag -fno-common works
configure:16351: g++ -c -fPIC -arch i386 -arch x86_64 -mmacosx-version-min=10.6 -isysroot /Developer/SDKs/MacOSX10.6.sdk -DMACOSX  -fno-common -DPIC conftest.cpp >&5
configure:16355: $? = 0
configure:16368: result: yes
configure:16396: checking if g++ static flag -static works
configure:16424: result: no
configure:16434: checking if g++ supports -c -o file.o
configure:16455: g++ -c -fPIC -arch i386 -arch x86_64 -mmacosx-version-min=10.6 -isysroot /Developer/SDKs/MacOSX10.6.sdk -DMACOSX  -o out/conftest2.o conftest.cpp >&5
configure:16459: $? = 0
configure:16481: result: yes
configure:16507: checking whether the g++ linker (/usr/libexec/gcc/i686-apple-darwin10/4.2.1/ld) supports shared libraries
configure:16533: result: yes
configure:16600: checking dynamic linker characteristics
configure:17150: result: darwin10.5.0 dyld
configure:17174: checking how to hardcode library paths into programs
configure:17199: result: immediate
configure:23337: checking for bash
configure:23355: found /bin/bash
configure:23367: result: /bin/bash
configure:23375: checking if dolt supports this host
configure:23406: result: yes, replacing libtool
configure:23546: checking for isnan in -lm
configure:23571: gcc -o conftest -fPIC -arch i386 -arch x86_64 -mmacosx-version-min=10.6 -isysroot /Developer/SDKs/MacOSX10.6.sdk -DMACOSX  -fPIC -arch x86_64 -arch i386 -isysroot /Developer/SDKs/MacOSX10.6.sdk -mmacosx-version-min=10.6 -no_compact_linkedit conftest.c -lm   >&5
conftest.c:33: warning: conflicting types for built-in function 'isnan'
conftest.c:33: warning: conflicting types for built-in function 'isnan'
configure:23571: $? = 0
configure:23580: result: yes
configure:23672: checking for XML_ParserCreate in -lexpat
configure:23697: gcc -o conftest -fPIC -arch i386 -arch x86_64 -mmacosx-version-min=10.6 -isysroot /Developer/SDKs/MacOSX10.6.sdk -DMACOSX  -I/Users/xintao/expat-2.0.1//include -fPIC -arch x86_64 -arch i386 -isysroot /Developer/SDKs/MacOSX10.6.sdk -mmacosx-version-min=10.6 -no_compact_linkedit -L/Users/xintao/expat-2.0.1//lib conftest.c -lexpat  -lm  -lexpat >&5
configure:23697: $? = 0
configure:23706: result: yes
configure:23721: checking expat.h usability
configure:23721: gcc -c -fPIC -arch i386 -arch x86_64 -mmacosx-version-min=10.6 -isysroot /Developer/SDKs/MacOSX10.6.sdk -DMACOSX  -I/Users/xintao/expat-2.0.1//include conftest.c >&5
configure:23721: $? = 0
configure:23721: result: yes
configure:23721: checking expat.h presence
configure:23721: gcc -E -DMACOSX  -I/Users/xintao/expat-2.0.1//include conftest.c
configure:23721: $? = 0
configure:23721: result: yes
configure:23721: checking for expat.h
configure:23721: result: yes
configure:23739: checking for Expat version >= 1.95.8
configure:23824: gcc -o conftest -fPIC -arch i386 -arch x86_64 -mmacosx-version-min=10.6 -isysroot /Developer/SDKs/MacOSX10.6.sdk -DMACOSX  -I/Users/xintao/expat-2.0.1//include -fPIC -arch x86_64 -arch i386 -isysroot /Developer/SDKs/MacOSX10.6.sdk -mmacosx-version-min=10.6 -no_compact_linkedit -L/Users/xintao/expat-2.0.1//lib conftest.c -lm  -lexpat >&5
configure:23824: $? = 0
configure:23824: ./conftest
configure:23824: $? = 0
configure:23825: result: yes
configure:24895: checking for zlib library
configure:25158: result: no
configure:25179: checking for bzip2 library
configure:25341: result: no
configure:25348: checking for ANSI C header files
configure:25452: result: yes
configure:25462: checking errno.h usability
configure:25462: gcc -c -fPIC -arch i386 -arch x86_64 -mmacosx-version-min=10.6 -isysroot /Developer/SDKs/MacOSX10.6.sdk -DMACOSX  conftest.c >&5
configure:25462: $? = 0
configure:25462: result: yes
configure:25462: checking errno.h presence
configure:25462: gcc -E -DMACOSX  conftest.c
configure:25462: $? = 0
configure:25462: result: yes
configure:25462: checking for errno.h
configure:25462: result: yes
configure:25474: checking math.h usability
configure:25474: gcc -c -fPIC -arch i386 -arch x86_64 -mmacosx-version-min=10.6 -isysroot /Developer/SDKs/MacOSX10.6.sdk -DMACOSX  conftest.c >&5
configure:25474: $? = 0
configure:25474: result: yes
configure:25474: checking math.h presence
configure:25474: gcc -E -DMACOSX  conftest.c
configure:25474: $? = 0
configure:25474: result: yes
configure:25474: checking for math.h
configure:25474: result: yes
configure:25486: checking ieeefp.h usability
configure:25486: gcc -c -fPIC -arch i386 -arch x86_64 -mmacosx-version-min=10.6 -isysroot /Developer/SDKs/MacOSX10.6.sdk -DMACOSX  conftest.c >&5
conftest.c:65:20: error: ieeefp.h: No such file or directory
conftest.c:65:20: error: ieeefp.h: No such file or directory
lipo: can't figure out the architecture type of: /var/folders/UA/UAv3+oipFk8dHVODfcppDU+++TM/-Tmp-//ccd5Oi3S.out
configure:25486: $? = 1
configure: failed program was:
| /* confdefs.h */
| #define PACKAGE_NAME "libSBML"
| #define PACKAGE_TARNAME "libsbml"
| #define PACKAGE_VERSION "4.3.1"
| #define PACKAGE_STRING "libSBML 4.3.1"
| #define PACKAGE_BUGREPORT "libsbml-team@caltech.edu"
| #define PACKAGE_URL "http://sbml.org/Software/libSBML"
| #define LIBSBML_USE_CPP_NAMESPACE 1
| #define USE_LAYOUT 1
| #define SHAREDLIBEXT 1
| #define HOST_TYPE 1
| #define LIBSUFFIX 1
| #define RUN_LDPATH 1
| #define STDC_HEADERS 1
| #define HAVE_SYS_TYPES_H 1
| #define HAVE_SYS_STAT_H 1
| #define HAVE_STDLIB_H 1
| #define HAVE_STRING_H 1
| #define HAVE_MEMORY_H 1
| #define HAVE_STRINGS_H 1
| #define HAVE_INTTYPES_H 1
| #define HAVE_STDINT_H 1
| #define HAVE_UNISTD_H 1
| #define HAVE_DLFCN_H 1
| #define HAVE_LIBM 1
| #define HAVE_EXPAT_H 1
| #define USE_EXPAT 1
| #define STDC_HEADERS 1
| #define HAVE_ERRNO_H 1
| #define HAVE_MATH_H 1
| /* end confdefs.h.  */
| #include <stdio.h>
| #ifdef HAVE_SYS_TYPES_H
| # include <sys/types.h>
| #endif
| #ifdef HAVE_SYS_STAT_H
| # include <sys/stat.h>
| #endif
| #ifdef STDC_HEADERS
| # include <stdlib.h>
| # include <stddef.h>
| #else
| # ifdef HAVE_STDLIB_H
| #  include <stdlib.h>
| # endif
| #endif
| #ifdef HAVE_STRING_H
| # if !defined STDC_HEADERS && defined HAVE_MEMORY_H
| #  include <memory.h>
| # endif
| # include <string.h>
| #endif
| #ifdef HAVE_STRINGS_H
| # include <strings.h>
| #endif
| #ifdef HAVE_INTTYPES_H
| # include <inttypes.h>
| #endif
| #ifdef HAVE_STDINT_H
| # include <stdint.h>
| #endif
| #ifdef HAVE_UNISTD_H
| # include <unistd.h>
| #endif
| #include <ieeefp.h>
configure:25486: result: no
configure:25486: checking ieeefp.h presence
configure:25486: gcc -E -DMACOSX  conftest.c
conftest.c:32:20: error: ieeefp.h: No such file or directory
configure:25486: $? = 1
configure: failed program was:
| /* confdefs.h */
| #define PACKAGE_NAME "libSBML"
| #define PACKAGE_TARNAME "libsbml"
| #define PACKAGE_VERSION "4.3.1"
| #define PACKAGE_STRING "libSBML 4.3.1"
| #define PACKAGE_BUGREPORT "libsbml-team@caltech.edu"
| #define PACKAGE_URL "http://sbml.org/Software/libSBML"
| #define LIBSBML_USE_CPP_NAMESPACE 1
| #define USE_LAYOUT 1
| #define SHAREDLIBEXT 1
| #define HOST_TYPE 1
| #define LIBSUFFIX 1
| #define RUN_LDPATH 1
| #define STDC_HEADERS 1
| #define HAVE_SYS_TYPES_H 1
| #define HAVE_SYS_STAT_H 1
| #define HAVE_STDLIB_H 1
| #define HAVE_STRING_H 1
| #define HAVE_MEMORY_H 1
| #define HAVE_STRINGS_H 1
| #define HAVE_INTTYPES_H 1
| #define HAVE_STDINT_H 1
| #define HAVE_UNISTD_H 1
| #define HAVE_DLFCN_H 1
| #define HAVE_LIBM 1
| #define HAVE_EXPAT_H 1
| #define USE_EXPAT 1
| #define STDC_HEADERS 1
| #define HAVE_ERRNO_H 1
| #define HAVE_MATH_H 1
| /* end confdefs.h.  */
| #include <ieeefp.h>
configure:25486: result: no
configure:25486: checking for ieeefp.h
configure:25486: result: no
configure:25499: checking whether byte ordering is bigendian
configure:25514: gcc -c -fPIC -arch i386 -arch x86_64 -mmacosx-version-min=10.6 -isysroot /Developer/SDKs/MacOSX10.6.sdk -DMACOSX  conftest.c >&5
configure:25514: $? = 0
configure:25705: result: universal
configure:25723: checking for an ANSI C-conforming const
configure:25788: gcc -c -fPIC -arch i386 -arch x86_64 -mmacosx-version-min=10.6 -isysroot /Developer/SDKs/MacOSX10.6.sdk -DMACOSX  conftest.c >&5
configure:25788: $? = 0
configure:25795: result: yes
configure:25803: checking for size_t
configure:25803: gcc -c -fPIC -arch i386 -arch x86_64 -mmacosx-version-min=10.6 -isysroot /Developer/SDKs/MacOSX10.6.sdk -DMACOSX  conftest.c >&5
configure:25803: $? = 0
configure:25803: gcc -c -fPIC -arch i386 -arch x86_64 -mmacosx-version-min=10.6 -isysroot /Developer/SDKs/MacOSX10.6.sdk -DMACOSX  conftest.c >&5
conftest.c: In function 'main':
conftest.c:69: error: expected expression before ')' token
conftest.c: In function 'main':
conftest.c:69: error: expected expression before ')' token
lipo: can't figure out the architecture type of: /var/folders/UA/UAv3+oipFk8dHVODfcppDU+++TM/-Tmp-//ccGde36V.out
configure:25803: $? = 1
configure: failed program was:
| /* confdefs.h */
| #define PACKAGE_NAME "libSBML"
| #define PACKAGE_TARNAME "libsbml"
| #define PACKAGE_VERSION "4.3.1"
| #define PACKAGE_STRING "libSBML 4.3.1"
| #define PACKAGE_BUGREPORT "libsbml-team@caltech.edu"
| #define PACKAGE_URL "http://sbml.org/Software/libSBML"
| #define LIBSBML_USE_CPP_NAMESPACE 1
| #define USE_LAYOUT 1
| #define SHAREDLIBEXT 1
| #define HOST_TYPE 1
| #define LIBSUFFIX 1
| #define RUN_LDPATH 1
| #define STDC_HEADERS 1
| #define HAVE_SYS_TYPES_H 1
| #define HAVE_SYS_STAT_H 1
| #define HAVE_STDLIB_H 1
| #define HAVE_STRING_H 1
| #define HAVE_MEMORY_H 1
| #define HAVE_STRINGS_H 1
| #define HAVE_INTTYPES_H 1
| #define HAVE_STDINT_H 1
| #define HAVE_UNISTD_H 1
| #define HAVE_DLFCN_H 1
| #define HAVE_LIBM 1
| #define HAVE_EXPAT_H 1
| #define USE_EXPAT 1
| #define STDC_HEADERS 1
| #define HAVE_ERRNO_H 1
| #define HAVE_MATH_H 1
| #define AC_APPLE_UNIVERSAL_BUILD 1
| /* end confdefs.h.  */
| #include <stdio.h>
| #ifdef HAVE_SYS_TYPES_H
| # include <sys/types.h>
| #endif
| #ifdef HAVE_SYS_STAT_H
| # include <sys/stat.h>
| #endif
| #ifdef STDC_HEADERS
| # include <stdlib.h>
| # include <stddef.h>
| #else
| # ifdef HAVE_STDLIB_H
| #  include <stdlib.h>
| # endif
| #endif
| #ifdef HAVE_STRING_H
| # if !defined STDC_HEADERS && defined HAVE_MEMORY_H
| #  include <memory.h>
| # endif
| # include <string.h>
| #endif
| #ifdef HAVE_STRINGS_H
| # include <strings.h>
| #endif
| #ifdef HAVE_INTTYPES_H
| # include <inttypes.h>
| #endif
| #ifdef HAVE_STDINT_H
| # include <stdint.h>
| #endif
| #ifdef HAVE_UNISTD_H
| # include <unistd.h>
| #endif
| int
| main ()
| {
| if (sizeof ((size_t)))
| 	    return 0;
|   ;
|   return 0;
| }
configure:25803: result: yes
configure:26188: creating ./config.status

## ---------------------- ##
## Running config.status. ##
## ---------------------- ##

This file was extended by libSBML config.status 4.3.1, which was
generated by GNU Autoconf 2.68.  Invocation command line was

  CONFIG_FILES    = 
  CONFIG_HEADERS  = 
  CONFIG_LINKS    = 
  CONFIG_COMMANDS = 
  $ ./config.status 

on xintaomp.uchc.edu

config.status:1058: creating config/makefile-common-vars.mk
config.status:1058: creating config/lt_link_helper.sh
config.status:1058: creating config/mkoctfile_wrapper.sh
config.status:1058: creating config/chk_swig_version.sh
config.status:1058: creating ./Makefile
config.status:1058: creating libsbml.spec
config.status:1058: creating src/Makefile
config.status:1058: creating src/common/Makefile
config.status:1058: creating src/common/libsbml-version.h
config.status:1058: creating src/bindings/Makefile
config.status:1058: creating src/bindings/python/Makefile
config.status:1058: creating src/bindings/python/setup.py
config.status:1058: creating src/bindings/perl/Makefile
config.status:1058: creating src/bindings/perl/Makefile.PL
config.status:1058: creating src/bindings/matlab/Makefile
config.status:1058: creating src/bindings/matlab/test/Makefile
config.status:1058: creating src/bindings/octave/Makefile
config.status:1058: creating src/bindings/octave/test/Makefile
config.status:1058: creating src/bindings/java/Makefile
config.status:1058: creating src/bindings/java/Manifest.txt
config.status:1058: creating src/bindings/ruby/Makefile
config.status:1058: creating src/bindings/csharp/Makefile
config.status:1058: creating src/annotation/Makefile
config.status:1058: creating src/annotation/test/Makefile
config.status:1058: creating src/math/Makefile
config.status:1058: creating src/math/test/Makefile
config.status:1058: creating src/units/Makefile
config.status:1058: creating src/units/test/Makefile
config.status:1058: creating src/sbml/Makefile
config.status:1058: creating src/sbml/test/Makefile
config.status:1058: creating src/sbml/layout/Makefile
config.status:1058: creating src/sbml/layout/test/Makefile
config.status:1058: creating src/util/Makefile
config.status:1058: creating src/util/test/Makefile
config.status:1058: creating src/validator/Makefile
config.status:1058: creating src/validator/constraints/Makefile
config.status:1058: creating src/validator/test/Makefile
config.status:1058: creating src/xml/Makefile
config.status:1058: creating src/xml/test/Makefile
config.status:1058: creating src/compress/Makefile
config.status:1058: creating docs/Makefile
config.status:1058: creating docs/index.html
config.status:1058: creating docs/src/doxygen-config-c.txt
config.status:1058: creating docs/src/doxygen-config-cpp.txt
config.status:1058: creating docs/src/doxygen-config-csharp.txt
config.status:1058: creating docs/src/doxygen-config-octave.txt
config.status:1058: creating docs/src/doxygen-config-python.txt
config.status:1058: creating docs/src/doxygen-config-perl.txt
config.status:1058: creating docs/src/doxygen-config-matlab.txt
config.status:1058: creating docs/src/libsbml-installation.html
config.status:1058: creating docs/src/common-text/libsbml-version.html
config.status:1058: creating docs/src/Makefile
config.status:1058: creating win/Makefile
config.status:1058: creating win/batch-files/Makefile
config.status:1058: creating win/msvc7/Makefile
config.status:1058: creating win/msvc7/common/Makefile
config.status:1058: creating win/msvc7/common/csharp/Makefile
config.status:1058: creating win/msvc7/common/examples/Makefile
config.status:1058: creating win/msvc7/expat/Makefile
config.status:1058: creating win/msvc7/libxml2/Makefile
config.status:1058: creating win/msvc7/xerces/Makefile
config.status:1058: creating win/msvc8/Makefile
config.status:1058: creating win/msvc8/common/Makefile
config.status:1058: creating win/msvc8/common/csharp/Makefile
config.status:1058: creating win/msvc8/common/examples/Makefile
config.status:1058: creating win/msvc8/expat/Makefile
config.status:1058: creating win/msvc8/libxml2/Makefile
config.status:1058: creating win/msvc8/xerces/Makefile
config.status:1058: creating win/msvc9/Makefile
config.status:1058: creating win/msvc9/common/Makefile
config.status:1058: creating win/msvc9/common/csharp/Makefile
config.status:1058: creating win/msvc9/common/examples/Makefile
config.status:1058: creating win/msvc9/expat/Makefile
config.status:1058: creating win/msvc9/libxml2/Makefile
config.status:1058: creating win/msvc9/xerces/Makefile
config.status:1058: creating examples/c/Makefile
config.status:1058: creating examples/c++/Makefile
config.status:1058: creating examples/java/Makefile
config.status:1058: creating examples/csharp/Makefile
config.status:1058: creating examples/layout/Makefile
config.status:1058: creating macosx/Makefile
config.status:1058: creating macosx/build.sh
config.status:1058: creating macosx/resources/package-intro.txt
config.status:1058: creating macosx/resources/package-readme.txt
config.status:1058: creating macosx/libsbml-package.pmdoc/01local-contents.xml
config.status:1058: creating macosx/libsbml-package.pmdoc/01local.xml
config.status:1058: creating macosx/libsbml-package.pmdoc/index.xml
config.status:1058: creating src/common/libsbml-config-unix.h
config.status:1233: src/common/libsbml-config-unix.h is unchanged
config.status:1058: creating src/common/libsbml-package.h
config.status:1233: src/common/libsbml-package.h is unchanged
config.status:1058: creating src/common/libsbml-namespace.h
config.status:1233: src/common/libsbml-namespace.h is unchanged

## ---------------- ##
## Cache variables. ##
## ---------------- ##

ac_cv_build=i386-apple-darwin10.5.0
ac_cv_c_bigendian=universal
ac_cv_c_compiler_gnu=yes
ac_cv_c_const=yes
ac_cv_cxx_compiler_gnu=yes
ac_cv_env_CCC_set=
ac_cv_env_CCC_value=
ac_cv_env_CC_set=
ac_cv_env_CC_value=
ac_cv_env_CFLAGS_set=set
ac_cv_env_CFLAGS_value='-fPIC -arch i386 -arch x86_64 -mmacosx-version-min=10.6 -isysroot /Developer/SDKs/MacOSX10.6.sdk'
ac_cv_env_CPPFLAGS_set=
ac_cv_env_CPPFLAGS_value=
ac_cv_env_CPP_set=
ac_cv_env_CPP_value=
ac_cv_env_CXXCPP_set=
ac_cv_env_CXXCPP_value=
ac_cv_env_CXXFLAGS_set=set
ac_cv_env_CXXFLAGS_value='-fPIC -arch i386 -arch x86_64 -mmacosx-version-min=10.6 -isysroot /Developer/SDKs/MacOSX10.6.sdk'
ac_cv_env_CXX_set=
ac_cv_env_CXX_value=
ac_cv_env_F77_set=
ac_cv_env_F77_value=
ac_cv_env_FFLAGS_set=
ac_cv_env_FFLAGS_value=
ac_cv_env_LDFLAGS_set=set
ac_cv_env_LDFLAGS_value='-fPIC -arch x86_64 -arch i386 -isysroot /Developer/SDKs/MacOSX10.6.sdk -mmacosx-version-min=10.6 -no_compact_linkedit'
ac_cv_env_LIBS_set=
ac_cv_env_LIBS_value=
ac_cv_env_PERL_set=
ac_cv_env_PERL_value=
ac_cv_env_PYTHON_set=
ac_cv_env_PYTHON_value=
ac_cv_env_RUBY_set=
ac_cv_env_RUBY_value=
ac_cv_env_build_alias_set=
ac_cv_env_build_alias_value=
ac_cv_env_host_alias_set=
ac_cv_env_host_alias_value=
ac_cv_env_target_alias_set=
ac_cv_env_target_alias_value=
ac_cv_f77_compiler_gnu=no
ac_cv_header_dlfcn_h=yes
ac_cv_header_errno_h=yes
ac_cv_header_expat_h=yes
ac_cv_header_ieeefp_h=no
ac_cv_header_inttypes_h=yes
ac_cv_header_math_h=yes
ac_cv_header_memory_h=yes
ac_cv_header_stdc=yes
ac_cv_header_stdint_h=yes
ac_cv_header_stdlib_h=yes
ac_cv_header_string_h=yes
ac_cv_header_strings_h=yes
ac_cv_header_sys_stat_h=yes
ac_cv_header_sys_types_h=yes
ac_cv_header_unistd_h=yes
ac_cv_host=i386-apple-darwin10.5.0
ac_cv_lib_expat_XML_ParserCreate=yes
ac_cv_lib_m_isnan=yes
ac_cv_objext=o
ac_cv_path_ACLOCAL=/usr/bin/aclocal
ac_cv_path_AUTOCONF=/usr/bin/autoconf
ac_cv_path_DOLT_BASH=/bin/bash
ac_cv_path_EGREP='/usr/bin/grep -E'
ac_cv_path_GREP=/usr/bin/grep
ac_cv_path_install='/usr/bin/install -c'
ac_cv_prog_CPP='gcc -E'
ac_cv_prog_CXXCPP='g++ -E'
ac_cv_prog_ac_ct_AR=ar
ac_cv_prog_ac_ct_CC=gcc
ac_cv_prog_ac_ct_CXX=g++
ac_cv_prog_ac_ct_DSYMUTIL=dsymutil
ac_cv_prog_ac_ct_NMEDIT=nmedit
ac_cv_prog_ac_ct_RANLIB=ranlib
ac_cv_prog_ac_ct_STRIP=strip
ac_cv_prog_cc_c89=
ac_cv_prog_cc_g=yes
ac_cv_prog_cxx_g=yes
ac_cv_prog_f77_g=no
ac_cv_prog_make_make_set=yes
ac_cv_type_size_t=yes
lt_cv_apple_cc_single_mod=yes
lt_cv_deplibs_check_method=pass_all
lt_cv_file_magic_cmd='$MAGIC_CMD'
lt_cv_file_magic_test_file=
lt_cv_ld_exported_symbols_list=yes
lt_cv_ld_reload_flag=-r
lt_cv_objdir=.libs
lt_cv_path_LD=/usr/libexec/gcc/i686-apple-darwin10/4.2.1/ld
lt_cv_path_LDCXX=/usr/libexec/gcc/i686-apple-darwin10/4.2.1/ld
lt_cv_path_NM=/usr/bin/nm
lt_cv_path_SED=/usr/bin/sed
lt_cv_prog_compiler_c_o=yes
lt_cv_prog_compiler_c_o_CXX=yes
lt_cv_prog_compiler_pic_works=yes
lt_cv_prog_compiler_pic_works_CXX=yes
lt_cv_prog_compiler_rtti_exceptions=no
lt_cv_prog_compiler_static_works=no
lt_cv_prog_compiler_static_works_CXX=no
lt_cv_prog_gnu_ld=no
lt_cv_prog_gnu_ldcxx=no
lt_cv_sys_global_symbol_pipe='sed -n -e '\''s/^.*[ 	]\([BCDEGRST][BCDEGRST]*\)[ 	][ 	]*_\([_A-Za-z][_A-Za-z0-9]*\)$/\1 _\2 \2/p'\'''
lt_cv_sys_global_symbol_to_c_name_address='sed -n -e '\''s/^: \([^ ]*\) $/  {\"\1\", (lt_ptr) 0},/p'\'' -e '\''s/^[BCDEGRST] \([^ ]*\) \([^ ]*\)$/  {"\2", (lt_ptr) \&\2},/p'\'''
lt_cv_sys_global_symbol_to_cdecl='sed -n -e '\''s/^. .* \(.*\)$/extern int \1;/p'\'''
lt_cv_sys_lib_dlsearch_path_spec='/usr/local/lib /lib /usr/lib'
lt_cv_sys_lib_search_path_spec='/usr/lib/gcc/i686-apple-darwin10/4.2.1/x86_64 /usr/lib/i686-apple-darwin10/4.2.1 /usr/lib /usr/lib/gcc/i686-apple-darwin10/4.2.1 /usr/local/lib'
lt_cv_sys_max_cmd_len=196608
lt_lt_cv_prog_compiler_c_o='"yes"'
lt_lt_cv_prog_compiler_c_o_CXX='"yes"'
lt_lt_cv_sys_global_symbol_pipe='"sed -n -e '\''s/^.*[ 	]\\([BCDEGRST][BCDEGRST]*\\)[ 	][ 	]*_\\([_A-Za-z][_A-Za-z0-9]*\\)\$/\\1 _\\2 \\2/p'\''"'
lt_lt_cv_sys_global_symbol_to_c_name_address='"sed -n -e '\''s/^: \\([^ ]*\\) \$/  {\\\"\\1\\\", (lt_ptr) 0},/p'\'' -e '\''s/^[BCDEGRST] \\([^ ]*\\) \\([^ ]*\\)\$/  {\"\\2\", (lt_ptr) \\&\\2},/p'\''"'
lt_lt_cv_sys_global_symbol_to_cdecl='"sed -n -e '\''s/^. .* \\(.*\\)\$/extern int \\1;/p'\''"'

## ----------------- ##
## Output variables. ##
## ----------------- ##

ACLOCAL='/usr/bin/aclocal'
AR='ar'
AS='as'
AUTOCONF='/usr/bin/autoconf'
BUGGY_APPLE_LIBXML=''
BZ2_CPPFLAGS=''
BZ2_LDFLAGS=''
BZ2_LIBS=''
CC='gcc'
CFLAGS='-fPIC -arch i386 -arch x86_64 -mmacosx-version-min=10.6 -isysroot /Developer/SDKs/MacOSX10.6.sdk'
CPP='gcc -E'
CPPFLAGS='-DMACOSX '
CSHARP_CILINTERPRETER=''
CSHARP_COMPILER=''
CSHARP_CPPFLAGS=''
CSHARP_EXT=''
CSHARP_LDFLAGS=''
CSHARP_SWIGFLAGS=''
CXX='g++'
CXXCPP='g++ -E'
CXXFLAGS='-fPIC -arch i386 -arch x86_64 -mmacosx-version-min=10.6 -isysroot /Developer/SDKs/MacOSX10.6.sdk'
DEFS='-DHAVE_CONFIG_H'
DLLTOOL='dlltool'
DOLT_BASH='/bin/bash'
DOXYGEN='no-doxygen-found'
DOXYGEN_CONFIG_OPT=''
DSYMUTIL='dsymutil'
ECHO='/bin/echo'
ECHO_C='\c'
ECHO_N=''
ECHO_T=''
EGREP='/usr/bin/grep -E'
EXEEXT=''
EXPAT_CPPFLAGS='-I/Users/xintao/expat-2.0.1//include'
EXPAT_LDFLAGS='-L/Users/xintao/expat-2.0.1//lib'
EXPAT_LIBS='-lexpat'
F77=''
FFLAGS=''
FILE=''
GACUTIL=''
GREP='/usr/bin/grep'
HAS_GCC_WNO_LONG_DOUBLE=''
HOST_TYPE='darwin'
INSTALL_DATA='${INSTALL} -m 644'
INSTALL_PROGRAM='${INSTALL}'
INSTALL_SCRIPT='${INSTALL}'
JAR=''
JAVA=''
JAVAC=''
JAVADOC_JAR=''
JAVA_CPPFLAGS=''
JAVA_LDFLAGS=''
JNIBASENAME=''
JNIEXT=''
LDFLAGS='-fPIC -arch x86_64 -arch i386 -isysroot /Developer/SDKs/MacOSX10.6.sdk -mmacosx-version-min=10.6 -no_compact_linkedit'
LIBCHECK_CPPFLAGS=''
LIBCHECK_LDFLAGS=''
LIBCHECK_LIBS=''
LIBOBJS=''
LIBS='-lm '
LIBSBML_BETA_VERSION=''
LIBSBML_MAJOR_VERSION='4'
LIBSBML_MINOR_VERSION='3'
LIBSBML_OPTIONS=' USE_UNIVBINARY USE_PYTHON USE_PERL USE_JAVA USE_MATLAB USE_OCTAVE USE_RUBY USE_CSHARP USE_SWIG USE_EXPAT USE_XERCES USE_LIBCHECK'
LIBSBML_REVISION_VERSION='1'
LIBSBML_VERSION_NUMERIC='40301'
LIBSUFFIX=''
LIBTOOL='$(top_builddir)/doltlibtool'
LIBXML_CPPFLAGS=''
LIBXML_LDFLAGS=''
LIBXML_LIBS=''
LN_S='ln -s'
LOCALOCTFILEDIR=''
LTCOMPILE='$(top_builddir)/doltcompile $(COMPILE)'
LTCXXCOMPILE='$(top_builddir)/doltcompile $(CXXCOMPILE)'
LTLIBOBJS=''
MATLAB=''
MKOCTFILE=''
MKOCTFILE_FLAGS=''
NMEDIT='nmedit'
OBJDUMP='objdump'
OBJEXT='o'
OCTAVE=''
OCTAVEEXT=''
OCTAVE_CONFIG=''
PACKAGE_BUGREPORT='libsbml-team@caltech.edu'
PACKAGE_NAME='libSBML'
PACKAGE_STRING='libSBML 4.3.1'
PACKAGE_TARNAME='libsbml'
PACKAGE_URL='http://sbml.org/Software/libSBML'
PACKAGE_VERSION='4.3.1'
PATH_SEPARATOR=':'
PERL=''
PERL_CPPFLAGS=''
PERL_LDFLAGS=''
PERL_LIBS=''
PYTHON=''
PYTHON_CPPFLAGS=''
PYTHON_EXT=''
PYTHON_LDFLAGS=''
PYTHON_LIBS=''
RANLIB='ranlib'
RUBY=''
RUBY_CPPFLAGS=''
RUBY_LDFLAGS=''
RUBY_LIBS=''
RUN_LDPATH=':/Users/xintao/expat-2.0.1//lib'
SED='/usr/bin/sed'
SET_MAKE=''
SHAREDLIBEXT='dylib'
SHELL='/bin/sh'
SN=''
STRIP='strip'
SWIG='swig'
SWIGFLAGS=''
SWIGLIB=''
SWIGNEEDVERSION='2.0.0'
SWIG_CONFIG_OPT=''
SWIG_CPPFLAGS=''
SWIG_LDFLAGS=''
SWIG_LIBS=''
USE_BZ2=''
USE_COMPRESSION=''
USE_CSHARP=''
USE_DOXYGEN=''
USE_EXPAT='1'
USE_JAVA=''
USE_LAYOUT='1'
USE_LIBCHECK=''
USE_LIBXML=''
USE_MATLAB=''
USE_OCTAVE=''
USE_PERL=''
USE_PYTHON=''
USE_RUBY=''
USE_SUN_CC=''
USE_SWIG=''
USE_UNIVBINARY=''
USE_XERCES=''
USE_ZLIB=''
XERCES_CPPFLAGS=''
XERCES_LDFLAGS=''
XERCES_LIBS=''
XML2_CONFIG=''
XML_PARSER='expat'
ZLIB_CPPFLAGS=''
ZLIB_LDFLAGS=''
ZLIB_LIBS=''
ac_ct_CC='gcc'
ac_ct_CXX='g++'
ac_ct_F77=''
bindir='${exec_prefix}/bin'
build='i386-apple-darwin10.5.0'
build_alias=''
build_cpu='i386'
build_os='darwin10.5.0'
build_vendor='apple'
datadir='${datarootdir}'
datarootdir='${prefix}/share'
docdir='${datarootdir}/doc/${PACKAGE_TARNAME}'
dvidir='${docdir}'
exec_prefix='${prefix}'
host='i386-apple-darwin10.5.0'
host_alias=''
host_cpu='i386'
host_os='darwin10.5.0'
host_vendor='apple'
htmldir='${docdir}'
includedir='${prefix}/include'
infodir='${datarootdir}/info'
libdir='${exec_prefix}/lib'
libexecdir='${exec_prefix}/libexec'
localedir='${datarootdir}/locale'
localstatedir='${prefix}/var'
mandir='${datarootdir}/man'
oldincludedir='/usr/include'
pdfdir='${docdir}'
prefix='/Users/xintao/Developer/numerics/Copasi/libsbml-4.3.1'
program_transform_name='s,x,x,'
psdir='${docdir}'
sbindir='${exec_prefix}/sbin'
sharedstatedir='${prefix}/com'
sysconfdir='${prefix}/etc'
target_alias=''

## ----------- ##
## confdefs.h. ##
## ----------- ##

/* confdefs.h */
#define PACKAGE_NAME "libSBML"
#define PACKAGE_TARNAME "libsbml"
#define PACKAGE_VERSION "4.3.1"
#define PACKAGE_STRING "libSBML 4.3.1"
#define PACKAGE_BUGREPORT "libsbml-team@caltech.edu"
#define PACKAGE_URL "http://sbml.org/Software/libSBML"
#define LIBSBML_USE_CPP_NAMESPACE 1
#define USE_LAYOUT 1
#define SHAREDLIBEXT 1
#define HOST_TYPE 1
#define LIBSUFFIX 1
#define RUN_LDPATH 1
#define STDC_HEADERS 1
#define HAVE_SYS_TYPES_H 1
#define HAVE_SYS_STAT_H 1
#define HAVE_STDLIB_H 1
#define HAVE_STRING_H 1
#define HAVE_MEMORY_H 1
#define HAVE_STRINGS_H 1
#define HAVE_INTTYPES_H 1
#define HAVE_STDINT_H 1
#define HAVE_UNISTD_H 1
#define HAVE_DLFCN_H 1
#define HAVE_LIBM 1
#define HAVE_EXPAT_H 1
#define USE_EXPAT 1
#define STDC_HEADERS 1
#define HAVE_ERRNO_H 1
#define HAVE_MATH_H 1
#define AC_APPLE_UNIVERSAL_BUILD 1
#define LIBSBML_OPTIONS 1

configure: exit 0
