This file contains any messages produced by compilers while
running configure, to aid debugging if configure makes a mistake.

It was created by Raptor RDF Parser configure 1.4.19, which was
generated by GNU Autoconf 2.63.  Invocation command line was

  $ ./configure --with-xml-parser=expat --with-www=none --prefix=/Users/fgao/Documents/workspace/numerics/Copasi/raptor-1.4.19 --with-expat-source=/Users/fgao/Documents/workspace/numerics/Copasi/expat-2.0.1/ --with-libxml=no

## --------- ##
## Platform. ##
## --------- ##

hostname = Les-2.local
uname -m = i386
uname -r = 10.8.0
uname -s = Darwin
uname -v = Darwin Kernel Version 10.8.0: Tue Jun  7 16:33:36 PDT 2011; root:xnu-1504.15.3~1/RELEASE_I386

/usr/bin/uname -p = i386
/bin/uname -X     = unknown

/bin/arch              = unknown
/usr/bin/arch -k       = unknown
/usr/convex/getsysinfo = unknown
/usr/bin/hostinfo      = Mach kernel version:
	 Darwin Kernel Version 10.8.0: Tue Jun  7 16:33:36 PDT 2011; root:xnu-1504.15.3~1/RELEASE_I386
Kernel configured for up to 2 processors.
2 processors are physically available.
2 processors are logically available.
Processor type: i486 (Intel 80486)
Processors active: 0 1
Primary memory available: 4.00 gigabytes
Default processor set: 76 tasks, 383 threads, 2 processors
Load average: 0.63, Mach factor: 1.36
/bin/machine           = unknown
/usr/bin/oslevel       = unknown
/bin/universe          = unknown

PATH: /opt/QtSDK/Desktop/Qt/474/gcc/bin
PATH: /usr/bin
PATH: /bin
PATH: /usr/sbin
PATH: /sbin
PATH: /usr/local/bin
PATH: /usr/local/git/bin
PATH: /usr/X11/bin


## ----------- ##
## Core tests. ##
## ----------- ##

configure:2206: checking for a BSD-compatible install
configure:2274: result: /usr/bin/install -c
configure:2285: checking whether build environment is sane
configure:2328: result: yes
configure:2353: checking for a thread-safe mkdir -p
configure:2392: result: ./install-sh -c -d
configure:2405: checking for gawk
configure:2435: result: no
configure:2405: checking for mawk
configure:2435: result: no
configure:2405: checking for nawk
configure:2435: result: no
configure:2405: checking for awk
configure:2421: found /usr/bin/awk
configure:2432: result: awk
configure:2443: checking whether make sets $(MAKE)
configure:2465: result: yes
configure:2651: checking whether to enable maintainer-specific portions of Makefiles
configure:2660: result: no
configure:2710: checking build system type
configure:2728: result: i386-apple-darwin10.8.0
configure:2750: checking host system type
configure:2765: result: i386-apple-darwin10.8.0
configure:2787: checking whether build environment is sane

## ---------------- ##
## Cache variables. ##
## ---------------- ##

ac_cv_build=i386-apple-darwin10.8.0
ac_cv_env_CC_set=
ac_cv_env_CC_value=
ac_cv_env_CFLAGS_set=set
ac_cv_env_CFLAGS_value='-arch x86_64 -arch ppc -arch i386 -isysroot /Developer/SDKs/MacOSX10.6.sdk -mmacosx-version-min=10.5'
ac_cv_env_CPPFLAGS_set=
ac_cv_env_CPPFLAGS_value=
ac_cv_env_CPP_set=
ac_cv_env_CPP_value=
ac_cv_env_LDFLAGS_set=set
ac_cv_env_LDFLAGS_value='-arch x86_64 -arch ppc -arch i386 -isysroot /Developer/SDKs/MacOSX10.6.sdk -mmacosx-version-min=10.5 -no_compact_linkedit'
ac_cv_env_LIBS_set=
ac_cv_env_LIBS_value=
ac_cv_env_PKG_CONFIG_set=
ac_cv_env_PKG_CONFIG_value=
ac_cv_env_YACC_set=
ac_cv_env_YACC_value=
ac_cv_env_YFLAGS_set=
ac_cv_env_YFLAGS_value=
ac_cv_env_build_alias_set=
ac_cv_env_build_alias_value=
ac_cv_env_host_alias_set=
ac_cv_env_host_alias_value=
ac_cv_env_target_alias_set=
ac_cv_env_target_alias_value=
ac_cv_host=i386-apple-darwin10.8.0
ac_cv_path_install='/usr/bin/install -c'
ac_cv_prog_AWK=awk
ac_cv_prog_make_make_set=yes

## ----------------- ##
## Output variables. ##
## ----------------- ##

ACLOCAL='${SHELL} /Users/fgao/Documents/workspace/numerics/Copasi/raptor-1.4.19/missing --run aclocal-1.10'
AMDEPBACKSLASH=''
AMDEP_FALSE=''
AMDEP_TRUE=''
AMTAR='${SHELL} /Users/fgao/Documents/workspace/numerics/Copasi/raptor-1.4.19/missing --run tar'
AR=''
AUTOCONF='${SHELL} /Users/fgao/Documents/workspace/numerics/Copasi/raptor-1.4.19/missing --run autoconf'
AUTOHEADER='${SHELL} /Users/fgao/Documents/workspace/numerics/Copasi/raptor-1.4.19/missing --run autoheader'
AUTOMAKE='${SHELL} /Users/fgao/Documents/workspace/numerics/Copasi/raptor-1.4.19/missing --run automake-1.10'
AWK='awk'
CC=''
CCDEPMODE=''
CFLAGS='-arch x86_64 -arch ppc -arch i386 -isysroot /Developer/SDKs/MacOSX10.6.sdk -mmacosx-version-min=10.5'
CPP=''
CPPFLAGS=''
CURL_CONFIG=''
CYGPATH_W='echo'
DEFS=''
DEPDIR=''
DSYMUTIL=''
DUMPBIN=''
ECHO='/bin/echo'
ECHO_C='\c'
ECHO_N=''
ECHO_T=''
EGREP=''
ENABLE_GTK_DOC_FALSE=''
ENABLE_GTK_DOC_TRUE=''
EXEEXT=''
FGREP=''
GETOPT_FALSE=''
GETOPT_TRUE=''
GREP=''
GTKDOC_CHECK=''
GTK_DOC_USE_LIBTOOL_FALSE=''
GTK_DOC_USE_LIBTOOL_TRUE=''
HTML_DIR=''
INSTALL_DATA='${INSTALL} -m 644'
INSTALL_PROGRAM='${INSTALL}'
INSTALL_SCRIPT='${INSTALL}'
INSTALL_STRIP_PROGRAM='$(install_sh) -c -s'
LD=''
LDFLAGS='-arch x86_64 -arch ppc -arch i386 -isysroot /Developer/SDKs/MacOSX10.6.sdk -mmacosx-version-min=10.5 -no_compact_linkedit'
LEX=''
LEXLIB=''
LEX_OUTPUT_ROOT=''
LIBOBJS=''
LIBRDFA_FALSE=''
LIBRDFA_TRUE=''
LIBS=''
LIBTOOL=''
LIPO=''
LN_S=''
LTLIBOBJS=''
MAINT='#'
MAINTAINER_MODE_FALSE=''
MAINTAINER_MODE_TRUE='#'
MAKEINFO='${SHELL} /Users/fgao/Documents/workspace/numerics/Copasi/raptor-1.4.19/missing --run makeinfo'
MEM=''
MEM_LIBS=''
MKDIR_P='./install-sh -c -d'
NM=''
NMEDIT=''
OBJDUMP=''
OBJEXT=''
OTOOL64=''
OTOOL=''
PACKAGE='raptor'
PACKAGE_BUGREPORT='http://bugs.librdf.org/'
PACKAGE_NAME='Raptor RDF Parser'
PACKAGE_STRING='Raptor RDF Parser 1.4.19'
PACKAGE_TARNAME='raptor'
PACKAGE_VERSION='1.4.19'
PARSEDATE_FALSE=''
PARSEDATE_TRUE=''
PATH_SEPARATOR=':'
PERL=''
PKG_CONFIG=''
RANLIB=''
RAPTOR_LDFLAGS=''
RAPTOR_LIBTOOLLIBS=''
RAPTOR_LIBTOOL_VERSION=''
RAPTOR_NFC_CHECK_FALSE=''
RAPTOR_NFC_CHECK_TRUE=''
RAPTOR_PARSERS=''
RAPTOR_PARSER_GRDDL_FALSE=''
RAPTOR_PARSER_GRDDL_TRUE=''
RAPTOR_PARSER_GUESS_FALSE=''
RAPTOR_PARSER_GUESS_TRUE=''
RAPTOR_PARSER_N3_FALSE=''
RAPTOR_PARSER_N3_TRUE=''
RAPTOR_PARSER_NTRIPLES_FALSE=''
RAPTOR_PARSER_NTRIPLES_TRUE=''
RAPTOR_PARSER_RDFA_FALSE=''
RAPTOR_PARSER_RDFA_TRUE=''
RAPTOR_PARSER_RDFXML_FALSE=''
RAPTOR_PARSER_RDFXML_TRUE=''
RAPTOR_PARSER_RSS_FALSE=''
RAPTOR_PARSER_RSS_TRUE=''
RAPTOR_PARSER_TRIG_FALSE=''
RAPTOR_PARSER_TRIG_TRUE=''
RAPTOR_PARSER_TURTLE_FALSE=''
RAPTOR_PARSER_TURTLE_TRUE=''
RAPTOR_RSS_COMMON_FALSE=''
RAPTOR_RSS_COMMON_TRUE=''
RAPTOR_SERIALIZERS=''
RAPTOR_SERIALIZER_ATOM_FALSE=''
RAPTOR_SERIALIZER_ATOM_TRUE=''
RAPTOR_SERIALIZER_DOT_FALSE=''
RAPTOR_SERIALIZER_DOT_TRUE=''
RAPTOR_SERIALIZER_JSON_FALSE=''
RAPTOR_SERIALIZER_JSON_TRUE=''
RAPTOR_SERIALIZER_NTRIPLES_FALSE=''
RAPTOR_SERIALIZER_NTRIPLES_TRUE=''
RAPTOR_SERIALIZER_RDFXML_ABBREV_FALSE=''
RAPTOR_SERIALIZER_RDFXML_ABBREV_TRUE=''
RAPTOR_SERIALIZER_RDFXML_FALSE=''
RAPTOR_SERIALIZER_RDFXML_TRUE=''
RAPTOR_SERIALIZER_RSS_1_0_FALSE=''
RAPTOR_SERIALIZER_RSS_1_0_TRUE=''
RAPTOR_SERIALIZER_TURTLE_FALSE=''
RAPTOR_SERIALIZER_TURTLE_TRUE=''
RAPTOR_VERSION_DECIMAL=''
RAPTOR_WWW_LIBRARY=''
RAPTOR_XML_EXPAT_FALSE=''
RAPTOR_XML_EXPAT_TRUE=''
RAPTOR_XML_LIBXML_FALSE=''
RAPTOR_XML_LIBXML_TRUE=''
RAPTOR_XML_PARSER=''
RELEASE_VERSION_FALSE=''
RELEASE_VERSION_TRUE='#'
RPM_RELEASE='SNAP'
SED=''
SET_MAKE=''
SHELL='/bin/sh'
STRCASECMP_FALSE=''
STRCASECMP_TRUE=''
STRIP=''
TAR=''
VERSION='1.4.19'
XML_CONFIG=''
XSLT_CONFIG=''
YACC=''
YFLAGS=''
abs_top_builddir=''
abs_top_srcdir=''
ac_ct_CC=''
ac_ct_DUMPBIN=''
am__fastdepCC_FALSE=''
am__fastdepCC_TRUE=''
am__include=''
am__isrc=''
am__leading_dot='.'
am__quote=''
am__tar='${AMTAR} chof - "$$tardir"'
am__untar='${AMTAR} xf -'
bindir='${exec_prefix}/bin'
build='i386-apple-darwin10.8.0'
build_alias=''
build_cpu='i386'
build_os='darwin10.8.0'
build_vendor='apple'
datadir='${datarootdir}'
datarootdir='${prefix}/share'
docdir='${datarootdir}/doc/${PACKAGE_TARNAME}'
dvidir='${docdir}'
exec_prefix='NONE'
host='i386-apple-darwin10.8.0'
host_alias=''
host_cpu='i386'
host_os='darwin10.8.0'
host_vendor='apple'
htmldir='${docdir}'
includedir='${prefix}/include'
infodir='${datarootdir}/info'
install_sh='$(SHELL) /Users/fgao/Documents/workspace/numerics/Copasi/raptor-1.4.19/install-sh'
libdir='${exec_prefix}/lib'
libexecdir='${exec_prefix}/libexec'
localedir='${datarootdir}/locale'
localstatedir='${prefix}/var'
lt_ECHO='/bin/echo'
mandir='${datarootdir}/man'
mkdir_p='$(top_builddir)/./install-sh -c -d'
oldincludedir='/usr/include'
pdfdir='${docdir}'
prefix='/Users/fgao/Documents/workspace/numerics/Copasi/raptor-1.4.19'
program_transform_name='s,x,x,'
psdir='${docdir}'
sbindir='${exec_prefix}/sbin'
sharedstatedir='${prefix}/com'
sysconfdir='${prefix}/etc'
target_alias=''

## ----------- ##
## confdefs.h. ##
## ----------- ##

#define PACKAGE_NAME "Raptor RDF Parser"
#define PACKAGE_TARNAME "raptor"
#define PACKAGE_VERSION "1.4.19"
#define PACKAGE_STRING "Raptor RDF Parser 1.4.19"
#define PACKAGE_BUGREPORT "http://bugs.librdf.org/"
#define PACKAGE "raptor"
#define VERSION "1.4.19"

configure: caught signal 2
configure: exit 1
