This file contains any messages produced by compilers while
running configure, to aid debugging if configure makes a mistake.

It was created by configure, which was
generated by GNU Autoconf 2.61.  Invocation command line was

  $ ./configure --with-expat=/Users/fgao/Documents/workspace/numerics/Copasi/expat-2.0.1/ --with-sbml=/Users/fgao/Documents/workspace/numerics/Copasi/libsbml-4.3.1/ --with-raptor=/Users/fgao/Documents/workspace/numerics/Copasi/raptor-1.4.19/ --enable-static --enable-release --with-qwt=/Users/fgao/Documents/workspace/numerics/Copasi/qwt-5.2.1/ --with-qwt3d=/Users/fgao/Documents/workspace/numerics/Copasi/qwtplot3d/

## --------- ##
## Platform. ##
## --------- ##

hostname = les-2.vcell.uchc.edu
uname -m = i386
uname -r = 10.8.0
uname -s = Darwin
uname -v = Darwin Kernel Version 10.8.0: Tue Jun  7 16:33:36 PDT 2011; root:xnu-1504.15.3~1/RELEASE_I386

/usr/bin/uname -p = i386
/bin/uname -X     = unknown

/bin/arch              = unknown
/usr/bin/arch -k       = unknown
/usr/convex/getsysinfo = unknown
/usr/bin/hostinfo      = Mach kernel version:
	 Darwin Kernel Version 10.8.0: Tue Jun  7 16:33:36 PDT 2011; root:xnu-1504.15.3~1/RELEASE_I386
Kernel configured for up to 2 processors.
2 processors are physically available.
2 processors are logically available.
Processor type: i486 (Intel 80486)
Processors active: 0 1
Primary memory available: 4.00 gigabytes
Default processor set: 75 tasks, 380 threads, 2 processors
Load average: 1.53, Mach factor: 0.65
/bin/machine           = unknown
/usr/bin/oslevel       = unknown
/bin/universe          = unknown

PATH: /opt/QtSDK/Desktop/Qt/474/gcc/bin
PATH: /usr/bin
PATH: /bin
PATH: /usr/sbin
PATH: /sbin
PATH: /usr/local/bin
PATH: /usr/local/git/bin
PATH: /usr/X11/bin


## ----------- ##
## Core tests. ##
## ----------- ##

configure:1742: checking for a BSD-compatible install
configure:1798: result: /usr/bin/install -c
configure:1813: checking for -p flag to install
configure:1826: result: yes
configure:1837: checking whether build environment is sane
configure:1880: result: yes
configure:1895: checking for a thread-safe mkdir -p
configure:1934: result: admin/install-sh -c -d
configure:1947: checking for gawk
configure:1977: result: no
configure:1947: checking for mawk
configure:1977: result: no
configure:1947: checking for nawk
configure:1977: result: no
configure:1947: checking for awk
configure:1963: found /usr/bin/awk
configure:1974: result: awk
configure:1985: checking whether make sets $(MAKE)
configure:2006: result: yes
configure:2687: creating ./config.status

## ---------------------- ##
## Running config.status. ##
## ---------------------- ##

This file was extended by config.status, which was
generated by GNU Autoconf 2.61.  Invocation command line was

  CONFIG_FILES    = 
  CONFIG_HEADERS  = 
  CONFIG_LINKS    = 
  CONFIG_COMMANDS = 
  $ ./config.status 

on les-2.vcell.uchc.edu

config.status:588: creating Makefile

## ---------------- ##
## Cache variables. ##
## ---------------- ##

ac_cv_env_build_alias_set=
ac_cv_env_build_alias_value=
ac_cv_env_host_alias_set=
ac_cv_env_host_alias_value=
ac_cv_env_target_alias_set=
ac_cv_env_target_alias_value=
ac_cv_path_install='/usr/bin/install -c'
ac_cv_prog_AWK=awk
ac_cv_prog_make_make_set=yes

## ----------------- ##
## Output variables. ##
## ----------------- ##

ACLOCAL='${SHELL} /Users/fgao/Documents/workspace/numerics/Copasi/copasi-34-src/admin/missing --run aclocal-1.10'
AMTAR='${SHELL} /Users/fgao/Documents/workspace/numerics/Copasi/copasi-34-src/admin/missing --run tar'
AUTOCONF='${SHELL} /Users/fgao/Documents/workspace/numerics/Copasi/copasi-34-src/admin/missing --run autoconf'
AUTOHEADER='${SHELL} /Users/fgao/Documents/workspace/numerics/Copasi/copasi-34-src/admin/missing --run autoheader'
AUTOMAKE='${SHELL} /Users/fgao/Documents/workspace/numerics/Copasi/copasi-34-src/admin/missing --run automake-1.10'
AWK='awk'
CYGPATH_W='echo'
DEFS='-DPACKAGE_NAME=\"\" -DPACKAGE_TARNAME=\"\" -DPACKAGE_VERSION=\"\" -DPACKAGE_STRING=\"\" -DPACKAGE_BUGREPORT=\"\" -DPACKAGE=\"copasi\" -DVERSION=\"4.7.34\"'
ECHO_C='ECHO_N=''
ECHO_T=''
INSTALL_DATA='${INSTALL} -m 644'
INSTALL_PROGRAM='${INSTALL} $(INSTALL_STRIP_FLAG)'
INSTALL_SCRIPT='${INSTALL}'
INSTALL_STRIP_PROGRAM='$(install_sh) -c -s'
LIBOBJS=''
LIBS=''
LTLIBOBJS=''
MAKEINFO='${SHELL} /Users/fgao/Documents/workspace/numerics/Copasi/copasi-34-src/admin/missing --run makeinfo'
PACKAGE='copasi'
PACKAGE_BUGREPORT=''
PACKAGE_NAME=''
PACKAGE_STRING=''
PACKAGE_TARNAME=''
PACKAGE_VERSION=''
PATH_SEPARATOR=':'
SET_MAKE=''
SHELL='/bin/sh'
STRIP=''
VERSION='4.7.34'
am__isrc=''
am__leading_dot='.'
am__tar='${AMTAR} chof - "$$tardir"'
am__untar='${AMTAR} xf -'
bindir='${exec_prefix}/bin'
build_alias=''
datadir='${datarootdir}'
datarootdir='${prefix}/share'
docdir='${datarootdir}/doc/${PACKAGE}'
dvidir='${docdir}'
exec_prefix='${prefix}'
host_alias=''
htmldir='${docdir}'
includedir='${prefix}/include'
infodir='${datarootdir}/info'
install_sh='$(SHELL) /Users/fgao/Documents/workspace/numerics/Copasi/copasi-34-src/admin/install-sh'
libdir='${exec_prefix}/lib'
libexecdir='${exec_prefix}/libexec'
localedir='${datarootdir}/locale'
localstatedir='${prefix}/var'
mandir='${datarootdir}/man'
mkdir_p='$(top_builddir)/admin/install-sh -c -d'
oldincludedir='/usr/include'
pdfdir='${docdir}'
prefix='/usr/local'
program_transform_name='s,x,x,'
psdir='${docdir}'
sbindir='${exec_prefix}/sbin'
sharedstatedir='${prefix}/com'
sysconfdir='${prefix}/etc'
target_alias=''

## ----------- ##
## confdefs.h. ##
## ----------- ##

#define PACKAGE_NAME ""
#define PACKAGE_TARNAME ""
#define PACKAGE_VERSION ""
#define PACKAGE_STRING ""
#define PACKAGE_BUGREPORT ""
#define PACKAGE "copasi"
#define VERSION "4.7.34"

configure: exit 0
